
SQL*Loader: Release 19.0.0.0.0 - Production on Fri Oct 30 06:13:25 2020
Version 19.3.0.0.0

Copyright (c) 1982, 2019, Oracle and/or its affiliates.  All rights reserved.

Control File:   /home/oracle/labs/DBMod_MonTune/PERF_control_customer.ctl
Data File:      customer.tbl
  Bad File:     customer.bad
  Discard File: customer.disc 
 (Allow all discards)

Number to load: ALL
Number to skip: 0
Errors allowed: 50
Bind array:     250 rows, maximum of 1048576 bytes
Continuation:    none specified
Path used:      Conventional

Table OE.CUSTOMER, loaded from every logical record.
Insert option in effect for this table: APPEND

   Column Name                  Position   Len  Term Encl Datatype
------------------------------ ---------- ----- ---- ---- ---------------------
C_CUSTKEY                           FIRST     *   |       CHARACTER            
    NULL if C_CUSTKEY = BLANKS
C_NAME                               NEXT     *   |       CHARACTER            
    NULL if C_NAME = BLANKS
C_ADDRESS                            NEXT     *   |       CHARACTER            
    NULL if C_ADDRESS = BLANKS
C_CITY                               NEXT     *   |       CHARACTER            
    NULL if C_CITY = BLANKS
C_NATION                             NEXT     *   |       CHARACTER            
    NULL if C_NATION = BLANKS
C_REGION                             NEXT     *   |       CHARACTER            
    NULL if C_REGION = BLANKS
C_PHONE                              NEXT     *   |       CHARACTER            
    NULL if C_PHONE = BLANKS
C_MKTSEGMENT                         NEXT     *   |       CHARACTER            
    NULL if C_MKTSEGMENT = BLANKS


Table OE.CUSTOMER:
  30000 Rows successfully loaded.
  0 Rows not loaded due to data errors.
  0 Rows not loaded because all WHEN clauses were failed.
  0 Rows not loaded because all fields were null.


Space allocated for bind array:                 516000 bytes(250 rows)
Read   buffer bytes: 1048576

Total logical records skipped:          0
Total logical records read:         30000
Total logical records rejected:         0
Total logical records discarded:        0

Run began on Fri Oct 30 06:13:25 2020
Run ended on Fri Oct 30 06:13:25 2020

Elapsed time was:     00:00:00.85
CPU time was:         00:00:00.11
