
SQL*Loader: Release 18.0.0.0.0 - Production on Tue Jun 5 16:24:54 2018
Version 18.1.0.0.0

Copyright (c) 1982, 2018, Oracle and/or its affiliates.  All rights reserved.

Control File:   /home/oracle/labs/PERF_control_part.ctl
Data File:      part.tbl
  Bad File:     part.bad
  Discard File: part.disc 
 (Allow all discards)

Number to load: ALL
Number to skip: 0
Errors allowed: 50
Bind array:     250 rows, maximum of 1048576 bytes
Continuation:    none specified
Path used:      Conventional

Table OE.PART, loaded from every logical record.
Insert option in effect for this table: APPEND

   Column Name                  Position   Len  Term Encl Datatype
------------------------------ ---------- ----- ---- ---- ---------------------
P_PARTKEY                           FIRST     *   |       CHARACTER            
    NULL if P_PARTKEY = BLANKS
P_NAME                               NEXT     *   |       CHARACTER            
    NULL if P_NAME = BLANKS
P_MFGR                               NEXT     *   |       CHARACTER            
    NULL if P_MFGR = BLANKS
P_CATEGORY                           NEXT     *   |       CHARACTER            
    NULL if P_CATEGORY = BLANKS
P_BRAND1                             NEXT     *   |       CHARACTER            
    NULL if P_BRAND1 = BLANKS
P_COLOR                              NEXT     *   |       CHARACTER            
    NULL if P_COLOR = BLANKS
P_TYPE                               NEXT     *   |       CHARACTER            
    NULL if P_TYPE = BLANKS
P_SIZE                               NEXT     *   |       CHARACTER            
    NULL if P_SIZE = BLANKS
P_CONTAINER                          NEXT     *   |       CHARACTER            
    NULL if P_CONTAINER = BLANKS


Table OE.PART:
  200000 Rows successfully loaded.
  0 Rows not loaded due to data errors.
  0 Rows not loaded because all WHEN clauses were failed.
  0 Rows not loaded because all fields were null.


Space allocated for bind array:                 580500 bytes(250 rows)
Read   buffer bytes: 1048576

Total logical records skipped:          0
Total logical records read:        200000
Total logical records rejected:         0
Total logical records discarded:        0

Run began on Tue Jun 05 16:24:54 2018
Run ended on Tue Jun 05 16:25:02 2018

Elapsed time was:     00:00:07.40
CPU time was:         00:00:01.41
