
SQL*Loader: Release 18.0.0.0.0 - Production on Fri Apr 13 16:52:04 2018
Version 18.1.0.0.0

Copyright (c) 1982, 2018, Oracle and/or its affiliates.  All rights reserved.

Express Mode Load, Table: PRODUCTS
Data File:      products.dat
  Bad File:     products_%p.bad
  Discard File:  none specified
 
 (Allow all discards)

Number to load: ALL
Number to skip: 0
Errors allowed: 50
Continuation:    none specified
Path used:      External Table

Table PRODUCTS, loaded from every logical record.
Insert option in effect for this table: APPEND

   Column Name                  Position   Len  Term Encl Datatype
------------------------------ ---------- ----- ---- ---- ---------------------
PRODUCT_ID                          FIRST     *   ,       CHARACTER            
COUNTRY                              NEXT     *   ,       CHARACTER            
LABEL                                NEXT     *   ,       CHARACTER            
DETAILED_LABEL                       NEXT     *   ,       CHARACTER            

Generated control file for possible reuse:
OPTIONS(EXTERNAL_TABLE=EXECUTE, TRIM=LRTRIM)
LOAD DATA
INFILE 'products'
APPEND
INTO TABLE PRODUCTS
FIELDS TERMINATED BY ","
(
  PRODUCT_ID,
  COUNTRY,
  LABEL,
  DETAILED_LABEL
)
End of generated control file for possible reuse.

created temporary directory object SYS_SQLLDR_XT_TMPDIR_00000 for path /home/oracle/labs

enable parallel DML: ALTER SESSION ENABLE PARALLEL DML

creating external table "SYS_SQLLDR_X_EXT_PRODUCTS"

CREATE TABLE "SYS_SQLLDR_X_EXT_PRODUCTS" 
(
  "PRODUCT_ID" NUMBER(6),
  "COUNTRY" CHAR(3),
  "LABEL" VARCHAR2(10),
  "DETAILED_LABEL" VARCHAR2(18)
)
ORGANIZATION external 
(
  TYPE oracle_loader
  DEFAULT DIRECTORY SYS_SQLLDR_XT_TMPDIR_00000
  ACCESS PARAMETERS 
  (
    RECORDS DELIMITED BY NEWLINE CHARACTERSET US7ASCII
    BADFILE 'SYS_SQLLDR_XT_TMPDIR_00000':'products_%p.bad'
    LOGFILE 'products_%p.log_xt'
    READSIZE 1048576
    FIELDS TERMINATED BY "," LRTRIM 
    REJECT ROWS WITH ALL NULL FIELDS 
    (
      "PRODUCT_ID" CHAR(255),
      "COUNTRY" CHAR(255),
      "LABEL" CHAR(255),
      "DETAILED_LABEL" CHAR(255)
    )
  )
  location 
  (
    'products.dat'
  )
)REJECT LIMIT UNLIMITED

executing INSERT statement to load database table PRODUCTS

INSERT /*+ append parallel(auto) */ INTO PRODUCTS 
(
  PRODUCT_ID,
  COUNTRY,
  LABEL,
  DETAILED_LABEL
)
SELECT 
  "PRODUCT_ID",
  "COUNTRY",
  "LABEL",
  "DETAILED_LABEL"
FROM "SYS_SQLLDR_X_EXT_PRODUCTS"

dropping external table "SYS_SQLLDR_X_EXT_PRODUCTS"

Table PRODUCTS:
  8 Rows successfully loaded.

Run began on Fri Apr 13 16:52:04 2018
Run ended on Fri Apr 13 16:52:06 2018

Elapsed time was:     00:00:02.18
CPU time was:         00:00:00.33
